c:\users\prash\onedrive\documents\visual studio 2015\projects\sorting algorithms\sorting algorithms\debug\sorting algorithms.pch
c:\users\prash\onedrive\documents\visual studio 2015\projects\sorting algorithms\sorting algorithms\debug\vc140.pdb
c:\users\prash\onedrive\documents\visual studio 2015\projects\sorting algorithms\sorting algorithms\debug\vc140.idb
c:\users\prash\onedrive\documents\visual studio 2015\projects\sorting algorithms\sorting algorithms\debug\stdafx.obj
c:\users\prash\onedrive\documents\visual studio 2015\projects\sorting algorithms\sorting algorithms\debug\insertionsort.obj
c:\users\prash\onedrive\documents\visual studio 2015\projects\sorting algorithms\sorting algorithms\debug\linkedlist.obj
c:\users\prash\onedrive\documents\visual studio 2015\projects\sorting algorithms\sorting algorithms\debug\listsorter.obj
c:\users\prash\onedrive\documents\visual studio 2015\projects\sorting algorithms\sorting algorithms\debug\mergesort.obj
c:\users\prash\onedrive\documents\visual studio 2015\projects\sorting algorithms\sorting algorithms\debug\quicksorter.obj
c:\users\prash\onedrive\documents\visual studio 2015\projects\sorting algorithms\sorting algorithms\debug\quicksortoptimal.obj
c:\users\prash\onedrive\documents\visual studio 2015\projects\sorting algorithms\sorting algorithms\debug\quicksortsuboptimal.obj
c:\users\prash\onedrive\documents\visual studio 2015\projects\sorting algorithms\sorting algorithms\debug\selectionsort.obj
c:\users\prash\onedrive\documents\visual studio 2015\projects\sorting algorithms\sorting algorithms\debug\shellsortoptimal.obj
c:\users\prash\onedrive\documents\visual studio 2015\projects\sorting algorithms\sorting algorithms\debug\shellsortsuboptimal.obj
c:\users\prash\onedrive\documents\visual studio 2015\projects\sorting algorithms\sorting algorithms\debug\sorter.obj
c:\users\prash\onedrive\documents\visual studio 2015\projects\sorting algorithms\sorting algorithms\debug\sorting algorithms.obj
c:\users\prash\onedrive\documents\visual studio 2015\projects\sorting algorithms\sorting algorithms\debug\sorttests.obj
c:\users\prash\onedrive\documents\visual studio 2015\projects\sorting algorithms\sorting algorithms\debug\vectorsorter.obj
c:\users\prash\onedrive\documents\visual studio 2015\projects\sorting algorithms\debug\sorting algorithms.pdb
c:\users\prash\onedrive\documents\visual studio 2015\projects\sorting algorithms\debug\sorting algorithms.exe
c:\users\prash\onedrive\documents\visual studio 2015\projects\sorting algorithms\debug\sorting algorithms.ilk
c:\users\prash\onedrive\documents\visual studio 2015\projects\sorting algorithms\sorting algorithms\debug\sorting .435ad66b.tlog\cl.command.1.tlog
c:\users\prash\onedrive\documents\visual studio 2015\projects\sorting algorithms\sorting algorithms\debug\sorting .435ad66b.tlog\cl.read.1.tlog
c:\users\prash\onedrive\documents\visual studio 2015\projects\sorting algorithms\sorting algorithms\debug\sorting .435ad66b.tlog\cl.write.1.tlog
c:\users\prash\onedrive\documents\visual studio 2015\projects\sorting algorithms\sorting algorithms\debug\sorting .435ad66b.tlog\link.command.1.tlog
c:\users\prash\onedrive\documents\visual studio 2015\projects\sorting algorithms\sorting algorithms\debug\sorting .435ad66b.tlog\link.read.1.tlog
c:\users\prash\onedrive\documents\visual studio 2015\projects\sorting algorithms\sorting algorithms\debug\sorting .435ad66b.tlog\link.write.1.tlog
